D:\Универ\2 курс\1 семестр\ООП\LB6\LB6\DEBUG\LB6.PCH
D:\Универ\2 курс\1 семестр\ООП\LB6\LB6\DEBUG\STDAFX.OBJ
D:\УНИВЕР\2 КУРС\1 СЕМЕСТР\ООП\LB6\LB6\DEBUG\VC110.PDB
D:\Универ\2 курс\1 семестр\ООП\LB6\LB6\DEBUG\LB6.OBJ
D:\Универ\2 курс\1 семестр\ООП\lb6\lb6\Debug\stdafx.obj
D:\Универ\2 курс\1 семестр\ООП\lb6\lb6\Debug\cl.command.1.tlog
D:\Универ\2 курс\1 семестр\ООП\lb6\lb6\Debug\CL.read.1.tlog
D:\Универ\2 курс\1 семестр\ООП\lb6\lb6\Debug\CL.write.1.tlog
D:\Универ\2 курс\1 семестр\ООП\lb6\lb6\Debug\link-cvtres.read.1.tlog
D:\Универ\2 курс\1 семестр\ООП\lb6\lb6\Debug\link-cvtres.write.1.tlog
D:\Универ\2 курс\1 семестр\ООП\lb6\lb6\Debug\link-rc.read.1.tlog
D:\Универ\2 курс\1 семестр\ООП\lb6\lb6\Debug\link-rc.write.1.tlog
D:\Универ\2 курс\1 семестр\ООП\lb6\lb6\Debug\link.4384-cvtres.read.1.tlog
D:\Универ\2 курс\1 семестр\ООП\lb6\lb6\Debug\link.4384-cvtres.write.1.tlog
D:\Универ\2 курс\1 семестр\ООП\lb6\lb6\Debug\link.4384-rc.read.1.tlog
D:\Универ\2 курс\1 семестр\ООП\lb6\lb6\Debug\link.4384-rc.write.1.tlog
D:\Универ\2 курс\1 семестр\ООП\lb6\lb6\Debug\link.4384.read.1.tlog
D:\Универ\2 курс\1 семестр\ООП\lb6\lb6\Debug\link.4384.write.1.tlog
D:\Универ\2 курс\1 семестр\ООП\lb6\lb6\Debug\link.command.1.tlog
D:\Универ\2 курс\1 семестр\ООП\lb6\lb6\Debug\link.read.1.tlog
D:\Универ\2 курс\1 семестр\ООП\lb6\lb6\Debug\link.write.1.tlog
D:\Универ\2 курс\1 семестр\ООП\lb6\lb6\Debug\lb6.pch
D:\Универ\2 курс\1 семестр\ООП\lb6\lb6\Debug\vc110.idb
D:\Универ\2 курс\1 семестр\ООП\lb6\lb6\Debug\vc110.pdb
D:\Универ\2 курс\1 семестр\ООП\lb6\Debug\lb6.pdb
